{"E:\\SALEC — копия\\backend\\src\\domain\\phone-number.ts": {"path":"E:\\SALEC — копия\\backend\\src\\domain\\phone-number.ts","all":false,"statementMap":{"3":{"start":{"line":4,"column":0},"end":{"line":4,"column":30}},"6":{"start":{"line":7,"column":0},"end":{"line":7,"column":64}},"7":{"start":{"line":8,"column":0},"end":{"line":8,"column":57}},"8":{"start":{"line":9,"column":0},"end":{"line":9,"column":31}},"9":{"start":{"line":10,"column":0},"end":{"line":10,"column":1}},"11":{"start":{"line":12,"column":0},"end":{"line":12,"column":58}},"12":{"start":{"line":13,"column":0},"end":{"line":13,"column":50}},"13":{"start":{"line":14,"column":0},"end":{"line":14,"column":51}},"14":{"start":{"line":15,"column":0},"end":{"line":15,"column":1}},"16":{"start":{"line":17,"column":0},"end":{"line":17,"column":62}},"17":{"start":{"line":18,"column":0},"end":{"line":18,"column":11}},"18":{"start":{"line":19,"column":0},"end":{"line":19,"column":1}}},"s":{"3":1,"6":1,"7":1,"8":1,"9":1,"11":1,"12":2,"13":2,"14":2,"16":1,"17":0,"18":0},"branchMap":{"0":{"type":"branch","line":7,"loc":{"start":{"line":7,"column":7},"end":{"line":10,"column":1}},"locations":[{"start":{"line":7,"column":7},"end":{"line":10,"column":1}}]},"1":{"type":"branch","line":12,"loc":{"start":{"line":12,"column":7},"end":{"line":15,"column":1}},"locations":[{"start":{"line":12,"column":7},"end":{"line":15,"column":1}}]},"2":{"type":"branch","line":14,"loc":{"start":{"line":14,"column":26},"end":{"line":14,"column":51}},"locations":[{"start":{"line":14,"column":26},"end":{"line":14,"column":51}}]}},"b":{"0":[1],"1":[2],"2":[1]},"fnMap":{"0":{"name":"normalizePhoneNumber","decl":{"start":{"line":7,"column":7},"end":{"line":10,"column":1}},"loc":{"start":{"line":7,"column":7},"end":{"line":10,"column":1}},"line":7},"1":{"name":"isValidPhoneNumber","decl":{"start":{"line":12,"column":7},"end":{"line":15,"column":1}},"loc":{"start":{"line":12,"column":7},"end":{"line":15,"column":1}},"line":12},"2":{"name":"phoneNumberToDisplay","decl":{"start":{"line":17,"column":7},"end":{"line":19,"column":1}},"loc":{"start":{"line":17,"column":7},"end":{"line":19,"column":1}},"line":17}},"f":{"0":1,"1":2,"2":0}}
,"E:\\SALEC — копия\\backend\\src\\domain\\tenant-id.ts": {"path":"E:\\SALEC — копия\\backend\\src\\domain\\tenant-id.ts","all":false,"statementMap":{"3":{"start":{"line":4,"column":0},"end":{"line":4,"column":55}},"4":{"start":{"line":5,"column":0},"end":{"line":5,"column":46}},"5":{"start":{"line":6,"column":0},"end":{"line":6,"column":41}},"6":{"start":{"line":7,"column":0},"end":{"line":7,"column":3}},"7":{"start":{"line":8,"column":0},"end":{"line":8,"column":27}},"8":{"start":{"line":9,"column":0},"end":{"line":9,"column":1}},"10":{"start":{"line":11,"column":0},"end":{"line":11,"column":56}},"11":{"start":{"line":12,"column":0},"end":{"line":12,"column":12}},"12":{"start":{"line":13,"column":0},"end":{"line":13,"column":1}}},"s":{"3":1,"4":2,"5":1,"6":1,"7":1,"8":1,"10":1,"11":0,"12":0},"branchMap":{"0":{"type":"branch","line":4,"loc":{"start":{"line":4,"column":7},"end":{"line":9,"column":1}},"locations":[{"start":{"line":4,"column":7},"end":{"line":9,"column":1}}]},"1":{"type":"branch","line":5,"loc":{"start":{"line":5,"column":45},"end":{"line":9,"column":1}},"locations":[{"start":{"line":5,"column":45},"end":{"line":9,"column":1}}]}},"b":{"0":[2],"1":[1]},"fnMap":{"0":{"name":"tenantIdFrom","decl":{"start":{"line":4,"column":7},"end":{"line":9,"column":1}},"loc":{"start":{"line":4,"column":7},"end":{"line":9,"column":1}},"line":4},"1":{"name":"tenantIdToNumber","decl":{"start":{"line":11,"column":7},"end":{"line":13,"column":1}},"loc":{"start":{"line":11,"column":7},"end":{"line":13,"column":1}},"line":11}},"f":{"0":2,"1":0}}
,"E:\\SALEC — копия\\backend\\src\\modules\\orders\\order-bonus-apply.ts": {"path":"E:\\SALEC — копия\\backend\\src\\modules\\orders\\order-bonus-apply.ts","all":false,"statementMap":{"0":{"start":{"line":1,"column":0},"end":{"line":1,"column":48}},"1":{"start":{"line":2,"column":0},"end":{"line":2,"column":36}},"2":{"start":{"line":3,"column":0},"end":{"line":3,"column":38}}},"s":{"0":1,"1":1,"2":1},"branchMap":{},"b":{},"fnMap":{},"f":{}}
,"E:\\SALEC — копия\\backend\\src\\modules\\orders\\order-bonus-context.fetch.ts": {"path":"E:\\SALEC — копия\\backend\\src\\modules\\orders\\order-bonus-context.fetch.ts","all":false,"statementMap":{"0":{"start":{"line":1,"column":0},"end":{"line":1,"column":64}},"29":{"start":{"line":30,"column":0},"end":{"line":30,"column":75}},"30":{"start":{"line":31,"column":0},"end":{"line":31,"column":66}},"31":{"start":{"line":32,"column":0},"end":{"line":32,"column":1}},"34":{"start":{"line":35,"column":0},"end":{"line":35,"column":60}},"36":{"start":{"line":37,"column":0},"end":{"line":37,"column":67}},"37":{"start":{"line":38,"column":0},"end":{"line":38,"column":31}},"38":{"start":{"line":39,"column":0},"end":{"line":39,"column":9}},"45":{"start":{"line":46,"column":0},"end":{"line":46,"column":34}},"46":{"start":{"line":47,"column":0},"end":{"line":47,"column":59}},"47":{"start":{"line":48,"column":0},"end":{"line":48,"column":97}},"48":{"start":{"line":49,"column":0},"end":{"line":49,"column":31}},"49":{"start":{"line":50,"column":0},"end":{"line":50,"column":77}},"50":{"start":{"line":51,"column":0},"end":{"line":51,"column":4}},"51":{"start":{"line":52,"column":0},"end":{"line":52,"column":14}},"52":{"start":{"line":53,"column":0},"end":{"line":53,"column":96}},"53":{"start":{"line":54,"column":0},"end":{"line":54,"column":67}},"56":{"start":{"line":57,"column":0},"end":{"line":57,"column":40}},"57":{"start":{"line":58,"column":0},"end":{"line":58,"column":40}},"59":{"start":{"line":60,"column":0},"end":{"line":60,"column":39}},"60":{"start":{"line":61,"column":0},"end":{"line":61,"column":37}},"61":{"start":{"line":62,"column":0},"end":{"line":62,"column":43}},"62":{"start":{"line":63,"column":0},"end":{"line":63,"column":13}},"63":{"start":{"line":64,"column":0},"end":{"line":64,"column":5}},"64":{"start":{"line":65,"column":0},"end":{"line":65,"column":27}},"65":{"start":{"line":66,"column":0},"end":{"line":66,"column":87}},"66":{"start":{"line":67,"column":0},"end":{"line":67,"column":1}},"69":{"start":{"line":70,"column":0},"end":{"line":70,"column":64}},"70":{"start":{"line":71,"column":0},"end":{"line":71,"column":31}},"71":{"start":{"line":72,"column":0},"end":{"line":72,"column":9}},"78":{"start":{"line":79,"column":0},"end":{"line":79,"column":20}},"79":{"start":{"line":80,"column":0},"end":{"line":80,"column":59}},"80":{"start":{"line":81,"column":0},"end":{"line":81,"column":97}},"81":{"start":{"line":82,"column":0},"end":{"line":82,"column":31}},"82":{"start":{"line":83,"column":0},"end":{"line":83,"column":77}},"83":{"start":{"line":84,"column":0},"end":{"line":84,"column":4}},"84":{"start":{"line":85,"column":0},"end":{"line":85,"column":14}},"85":{"start":{"line":86,"column":0},"end":{"line":86,"column":96}},"86":{"start":{"line":87,"column":0},"end":{"line":87,"column":67}},"90":{"start":{"line":91,"column":0},"end":{"line":91,"column":40}},"91":{"start":{"line":92,"column":0},"end":{"line":92,"column":40}},"93":{"start":{"line":94,"column":0},"end":{"line":94,"column":39}},"94":{"start":{"line":95,"column":0},"end":{"line":95,"column":37}},"95":{"start":{"line":96,"column":0},"end":{"line":96,"column":43}},"97":{"start":{"line":98,"column":0},"end":{"line":98,"column":13}},"98":{"start":{"line":99,"column":0},"end":{"line":99,"column":5}},"99":{"start":{"line":100,"column":0},"end":{"line":100,"column":27}},"100":{"start":{"line":101,"column":0},"end":{"line":101,"column":43}},"101":{"start":{"line":102,"column":0},"end":{"line":102,"column":1}},"104":{"start":{"line":105,"column":0},"end":{"line":105,"column":64}},"105":{"start":{"line":106,"column":0},"end":{"line":106,"column":31}},"106":{"start":{"line":107,"column":0},"end":{"line":107,"column":9}},"113":{"start":{"line":114,"column":0},"end":{"line":114,"column":33}},"114":{"start":{"line":115,"column":0},"end":{"line":115,"column":59}},"115":{"start":{"line":116,"column":0},"end":{"line":116,"column":97}},"116":{"start":{"line":117,"column":0},"end":{"line":117,"column":31}},"117":{"start":{"line":118,"column":0},"end":{"line":118,"column":77}},"118":{"start":{"line":119,"column":0},"end":{"line":119,"column":4}},"119":{"start":{"line":120,"column":0},"end":{"line":120,"column":14}},"120":{"start":{"line":121,"column":0},"end":{"line":121,"column":96}},"121":{"start":{"line":122,"column":0},"end":{"line":122,"column":87}},"125":{"start":{"line":126,"column":0},"end":{"line":126,"column":40}},"126":{"start":{"line":127,"column":0},"end":{"line":127,"column":40}},"128":{"start":{"line":129,"column":0},"end":{"line":129,"column":39}},"129":{"start":{"line":130,"column":0},"end":{"line":130,"column":37}},"130":{"start":{"line":131,"column":0},"end":{"line":131,"column":43}},"132":{"start":{"line":133,"column":0},"end":{"line":133,"column":13}},"134":{"start":{"line":135,"column":0},"end":{"line":135,"column":5}},"135":{"start":{"line":136,"column":0},"end":{"line":136,"column":38}},"136":{"start":{"line":137,"column":0},"end":{"line":137,"column":25}},"137":{"start":{"line":138,"column":0},"end":{"line":138,"column":49}},"138":{"start":{"line":139,"column":0},"end":{"line":139,"column":3}},"139":{"start":{"line":140,"column":0},"end":{"line":140,"column":11}},"140":{"start":{"line":141,"column":0},"end":{"line":141,"column":1}},"146":{"start":{"line":147,"column":0},"end":{"line":147,"column":48}},"147":{"start":{"line":148,"column":0},"end":{"line":148,"column":21}},"148":{"start":{"line":149,"column":0},"end":{"line":149,"column":9}},"155":{"start":{"line":156,"column":0},"end":{"line":156,"column":11}},"156":{"start":{"line":157,"column":0},"end":{"line":157,"column":48}},"157":{"start":{"line":158,"column":0},"end":{"line":158,"column":87}},"158":{"start":{"line":159,"column":0},"end":{"line":159,"column":45}},"159":{"start":{"line":160,"column":0},"end":{"line":160,"column":56}},"160":{"start":{"line":161,"column":0},"end":{"line":161,"column":3}},"161":{"start":{"line":162,"column":0},"end":{"line":162,"column":83}},"162":{"start":{"line":163,"column":0},"end":{"line":163,"column":30}},"163":{"start":{"line":164,"column":0},"end":{"line":164,"column":1}},"166":{"start":{"line":167,"column":0},"end":{"line":167,"column":47}},"167":{"start":{"line":168,"column":0},"end":{"line":168,"column":21}},"168":{"start":{"line":169,"column":0},"end":{"line":169,"column":51}},"169":{"start":{"line":170,"column":0},"end":{"line":170,"column":55}},"170":{"start":{"line":171,"column":0},"end":{"line":171,"column":25}},"171":{"start":{"line":172,"column":0},"end":{"line":172,"column":61}},"172":{"start":{"line":173,"column":0},"end":{"line":173,"column":67}},"173":{"start":{"line":174,"column":0},"end":{"line":174,"column":75}},"174":{"start":{"line":175,"column":0},"end":{"line":175,"column":3}},"175":{"start":{"line":176,"column":0},"end":{"line":176,"column":36}},"176":{"start":{"line":177,"column":0},"end":{"line":177,"column":1}},"178":{"start":{"line":179,"column":0},"end":{"line":179,"column":68}},"179":{"start":{"line":180,"column":0},"end":{"line":180,"column":90}},"180":{"start":{"line":181,"column":0},"end":{"line":181,"column":10}},"181":{"start":{"line":182,"column":0},"end":{"line":182,"column":34}},"182":{"start":{"line":183,"column":0},"end":{"line":183,"column":33}},"183":{"start":{"line":184,"column":0},"end":{"line":184,"column":35}},"184":{"start":{"line":185,"column":0},"end":{"line":185,"column":29}},"186":{"start":{"line":187,"column":0},"end":{"line":187,"column":1}},"188":{"start":{"line":189,"column":0},"end":{"line":189,"column":34}},"189":{"start":{"line":190,"column":0},"end":{"line":190,"column":21}},"190":{"start":{"line":191,"column":0},"end":{"line":191,"column":49}},"191":{"start":{"line":192,"column":0},"end":{"line":192,"column":12}},"192":{"start":{"line":193,"column":0},"end":{"line":193,"column":82}},"193":{"start":{"line":194,"column":0},"end":{"line":194,"column":17}},"194":{"start":{"line":195,"column":0},"end":{"line":195,"column":3}},"195":{"start":{"line":196,"column":0},"end":{"line":196,"column":83}},"196":{"start":{"line":197,"column":0},"end":{"line":197,"column":87}},"197":{"start":{"line":198,"column":0},"end":{"line":198,"column":19}},"198":{"start":{"line":199,"column":0},"end":{"line":199,"column":5}},"199":{"start":{"line":200,"column":0},"end":{"line":200,"column":3}},"200":{"start":{"line":201,"column":0},"end":{"line":201,"column":14}},"201":{"start":{"line":202,"column":0},"end":{"line":202,"column":1}}},"s":{"0":1,"29":1,"30":14,"31":14,"34":1,"36":0,"37":0,"38":0,"45":0,"46":0,"47":0,"48":0,"49":0,"50":0,"51":0,"52":0,"53":0,"56":0,"57":0,"59":0,"60":0,"61":0,"62":0,"63":0,"64":0,"65":0,"66":0,"69":0,"70":0,"71":0,"78":0,"79":0,"80":0,"81":0,"82":0,"83":0,"84":0,"85":0,"86":0,"90":0,"91":0,"93":0,"94":0,"95":0,"97":0,"98":0,"99":0,"100":0,"101":0,"104":0,"105":0,"106":0,"113":0,"114":0,"115":0,"116":0,"117":0,"118":0,"119":0,"120":0,"121":0,"125":0,"126":0,"128":0,"129":0,"130":0,"132":0,"134":0,"135":0,"136":0,"137":0,"138":0,"139":0,"140":0,"146":1,"147":3,"148":3,"155":3,"156":3,"157":3,"158":3,"159":1,"160":1,"161":3,"162":3,"163":3,"166":1,"167":2,"168":2,"169":2,"170":2,"171":2,"172":2,"173":1,"174":1,"175":1,"176":1,"178":1,"179":11,"180":11,"181":11,"182":10,"183":10,"184":10,"186":11,"188":1,"189":16,"190":16,"191":16,"192":16,"193":3,"194":3,"195":16,"196":3,"197":2,"198":2,"199":3,"200":11,"201":11},"branchMap":{"0":{"type":"branch","line":30,"loc":{"start":{"line":30,"column":7},"end":{"line":32,"column":1}},"locations":[{"start":{"line":30,"column":7},"end":{"line":32,"column":1}}]},"1":{"type":"branch","line":147,"loc":{"start":{"line":147,"column":7},"end":{"line":164,"column":1}},"locations":[{"start":{"line":147,"column":7},"end":{"line":164,"column":1}}]},"2":{"type":"branch","line":157,"loc":{"start":{"line":157,"column":27},"end":{"line":157,"column":48}},"locations":[{"start":{"line":157,"column":27},"end":{"line":157,"column":48}}]},"3":{"type":"branch","line":158,"loc":{"start":{"line":158,"column":12},"end":{"line":158,"column":48}},"locations":[{"start":{"line":158,"column":12},"end":{"line":158,"column":48}}]},"4":{"type":"branch","line":158,"loc":{"start":{"line":158,"column":66},"end":{"line":158,"column":87}},"locations":[{"start":{"line":158,"column":66},"end":{"line":158,"column":87}}]},"5":{"type":"branch","line":158,"loc":{"start":{"line":158,"column":78},"end":{"line":159,"column":44}},"locations":[{"start":{"line":158,"column":78},"end":{"line":159,"column":44}}]},"6":{"type":"branch","line":159,"loc":{"start":{"line":159,"column":44},"end":{"line":162,"column":81}},"locations":[{"start":{"line":159,"column":44},"end":{"line":162,"column":81}}]},"7":{"type":"branch","line":162,"loc":{"start":{"line":162,"column":76},"end":{"line":162,"column":83}},"locations":[{"start":{"line":162,"column":76},"end":{"line":162,"column":83}}]},"8":{"type":"branch","line":167,"loc":{"start":{"line":167,"column":7},"end":{"line":177,"column":1}},"locations":[{"start":{"line":167,"column":7},"end":{"line":177,"column":1}}]},"9":{"type":"branch","line":172,"loc":{"start":{"line":172,"column":27},"end":{"line":172,"column":61}},"locations":[{"start":{"line":172,"column":27},"end":{"line":172,"column":61}}]},"10":{"type":"branch","line":173,"loc":{"start":{"line":173,"column":12},"end":{"line":173,"column":48}},"locations":[{"start":{"line":173,"column":12},"end":{"line":173,"column":48}}]},"11":{"type":"branch","line":173,"loc":{"start":{"line":173,"column":66},"end":{"line":177,"column":1}},"locations":[{"start":{"line":173,"column":66},"end":{"line":177,"column":1}}]},"12":{"type":"branch","line":179,"loc":{"start":{"line":179,"column":7},"end":{"line":187,"column":1}},"locations":[{"start":{"line":179,"column":7},"end":{"line":187,"column":1}}]},"13":{"type":"branch","line":182,"loc":{"start":{"line":182,"column":30},"end":{"line":183,"column":33}},"locations":[{"start":{"line":182,"column":30},"end":{"line":183,"column":33}}]},"14":{"type":"branch","line":183,"loc":{"start":{"line":183,"column":29},"end":{"line":184,"column":35}},"locations":[{"start":{"line":183,"column":29},"end":{"line":184,"column":35}}]},"15":{"type":"branch","line":184,"loc":{"start":{"line":184,"column":31},"end":{"line":185,"column":29}},"locations":[{"start":{"line":184,"column":31},"end":{"line":185,"column":29}}]},"16":{"type":"branch","line":180,"loc":{"start":{"line":180,"column":19},"end":{"line":180,"column":90}},"locations":[{"start":{"line":180,"column":19},"end":{"line":180,"column":90}}]},"17":{"type":"branch","line":180,"loc":{"start":{"line":180,"column":58},"end":{"line":180,"column":90}},"locations":[{"start":{"line":180,"column":58},"end":{"line":180,"column":90}}]},"18":{"type":"branch","line":189,"loc":{"start":{"line":189,"column":7},"end":{"line":202,"column":1}},"locations":[{"start":{"line":189,"column":7},"end":{"line":202,"column":1}}]},"19":{"type":"branch","line":193,"loc":{"start":{"line":193,"column":12},"end":{"line":193,"column":81}},"locations":[{"start":{"line":193,"column":12},"end":{"line":193,"column":81}}]},"20":{"type":"branch","line":193,"loc":{"start":{"line":193,"column":81},"end":{"line":195,"column":3}},"locations":[{"start":{"line":193,"column":81},"end":{"line":195,"column":3}}]},"21":{"type":"branch","line":195,"loc":{"start":{"line":195,"column":2},"end":{"line":196,"column":38}},"locations":[{"start":{"line":195,"column":2},"end":{"line":196,"column":38}}]},"22":{"type":"branch","line":196,"loc":{"start":{"line":196,"column":30},"end":{"line":196,"column":82}},"locations":[{"start":{"line":196,"column":30},"end":{"line":196,"column":82}}]},"23":{"type":"branch","line":196,"loc":{"start":{"line":196,"column":82},"end":{"line":202,"column":1}},"locations":[{"start":{"line":196,"column":82},"end":{"line":202,"column":1}}]},"24":{"type":"branch","line":196,"loc":{"start":{"line":196,"column":82},"end":{"line":200,"column":3}},"locations":[{"start":{"line":196,"column":82},"end":{"line":200,"column":3}}]},"25":{"type":"branch","line":197,"loc":{"start":{"line":197,"column":62},"end":{"line":197,"column":76}},"locations":[{"start":{"line":197,"column":62},"end":{"line":197,"column":76}}]},"26":{"type":"branch","line":197,"loc":{"start":{"line":197,"column":86},"end":{"line":199,"column":5}},"locations":[{"start":{"line":197,"column":86},"end":{"line":199,"column":5}}]},"27":{"type":"branch","line":200,"loc":{"start":{"line":200,"column":2},"end":{"line":202,"column":1}},"locations":[{"start":{"line":200,"column":2},"end":{"line":202,"column":1}}]}},"b":{"0":[14],"1":[3],"2":[0],"3":[0],"4":[1],"5":[2],"6":[1],"7":[0],"8":[2],"9":[0],"10":[0],"11":[1],"12":[11],"13":[10],"14":[10],"15":[10],"16":[41],"17":[1],"18":[16],"19":[4],"20":[3],"21":[13],"22":[3],"23":[14],"24":[3],"25":[0],"26":[2],"27":[11]},"fnMap":{"0":{"name":"roundMoney","decl":{"start":{"line":30,"column":7},"end":{"line":32,"column":1}},"loc":{"start":{"line":30,"column":7},"end":{"line":32,"column":1}},"line":30},"1":{"name":"fetchClientMonthMerchandiseSubtotalExclOrder","decl":{"start":{"line":37,"column":0},"end":{"line":67,"column":1}},"loc":{"start":{"line":37,"column":0},"end":{"line":67,"column":1}},"line":37},"2":{"name":"fetchClientMonthPaidQtyAggregateExclOrder","decl":{"start":{"line":70,"column":0},"end":{"line":102,"column":1}},"loc":{"start":{"line":70,"column":0},"end":{"line":102,"column":1}},"line":70},"3":{"name":"fetchClientMonthPaidQtyByProductExclOrder","decl":{"start":{"line":105,"column":0},"end":{"line":141,"column":1}},"loc":{"start":{"line":105,"column":0},"end":{"line":141,"column":1}},"line":105},"4":{"name":"effectivePurchasedQtyForQtyRule","decl":{"start":{"line":147,"column":7},"end":{"line":164,"column":1}},"loc":{"start":{"line":147,"column":7},"end":{"line":164,"column":1}},"line":147},"5":{"name":"effectiveSubtotalForSumMinRule","decl":{"start":{"line":167,"column":7},"end":{"line":177,"column":1}},"loc":{"start":{"line":167,"column":7},"end":{"line":177,"column":1}},"line":167},"6":{"name":"ruleNeedsOrderContext","decl":{"start":{"line":179,"column":7},"end":{"line":187,"column":1}},"loc":{"start":{"line":179,"column":7},"end":{"line":187,"column":1}},"line":179},"7":{"name":"nonempty","decl":{"start":{"line":180,"column":19},"end":{"line":180,"column":90}},"loc":{"start":{"line":180,"column":19},"end":{"line":180,"column":90}},"line":180},"8":{"name":"ruleMatchesClient","decl":{"start":{"line":189,"column":7},"end":{"line":202,"column":1}},"loc":{"start":{"line":189,"column":7},"end":{"line":202,"column":1}},"line":189}},"f":{"0":14,"1":0,"2":0,"3":0,"4":3,"5":2,"6":11,"7":41,"8":16}}
,"E:\\SALEC — копия\\backend\\src\\modules\\orders\\order-bonus-context.match-scope.ts": {"path":"E:\\SALEC — копия\\backend\\src\\modules\\orders\\order-bonus-context.match-scope.ts","all":false,"statementMap":{"0":{"start":{"line":1,"column":0},"end":{"line":1,"column":71}},"5":{"start":{"line":6,"column":0},"end":{"line":6,"column":45}},"6":{"start":{"line":7,"column":0},"end":{"line":7,"column":40}},"7":{"start":{"line":8,"column":0},"end":{"line":8,"column":1}},"14":{"start":{"line":15,"column":0},"end":{"line":15,"column":43}},"15":{"start":{"line":16,"column":0},"end":{"line":16,"column":21}},"16":{"start":{"line":17,"column":0},"end":{"line":17,"column":38}},"17":{"start":{"line":18,"column":0},"end":{"line":18,"column":12}},"18":{"start":{"line":19,"column":0},"end":{"line":19,"column":49}},"19":{"start":{"line":20,"column":0},"end":{"line":20,"column":51}},"20":{"start":{"line":21,"column":0},"end":{"line":21,"column":54}},"22":{"start":{"line":23,"column":0},"end":{"line":23,"column":40}},"23":{"start":{"line":24,"column":0},"end":{"line":24,"column":40}},"24":{"start":{"line":25,"column":0},"end":{"line":25,"column":36}},"26":{"start":{"line":27,"column":0},"end":{"line":27,"column":56}},"28":{"start":{"line":29,"column":0},"end":{"line":29,"column":34}},"30":{"start":{"line":31,"column":0},"end":{"line":31,"column":31}},"31":{"start":{"line":32,"column":0},"end":{"line":32,"column":61}},"32":{"start":{"line":33,"column":0},"end":{"line":33,"column":20}},"33":{"start":{"line":34,"column":0},"end":{"line":34,"column":88}},"34":{"start":{"line":35,"column":0},"end":{"line":35,"column":65}},"36":{"start":{"line":37,"column":0},"end":{"line":37,"column":33}},"37":{"start":{"line":38,"column":0},"end":{"line":38,"column":47}},"38":{"start":{"line":39,"column":0},"end":{"line":39,"column":52}},"39":{"start":{"line":40,"column":0},"end":{"line":40,"column":49}},"40":{"start":{"line":41,"column":0},"end":{"line":41,"column":3}},"42":{"start":{"line":43,"column":0},"end":{"line":43,"column":16}},"43":{"start":{"line":44,"column":0},"end":{"line":44,"column":89}},"44":{"start":{"line":45,"column":0},"end":{"line":45,"column":19}},"45":{"start":{"line":46,"column":0},"end":{"line":46,"column":5}},"46":{"start":{"line":47,"column":0},"end":{"line":47,"column":3}},"47":{"start":{"line":48,"column":0},"end":{"line":48,"column":14}},"48":{"start":{"line":49,"column":0},"end":{"line":49,"column":1}},"51":{"start":{"line":52,"column":0},"end":{"line":52,"column":45}},"52":{"start":{"line":53,"column":0},"end":{"line":53,"column":21}},"53":{"start":{"line":54,"column":0},"end":{"line":54,"column":41}},"54":{"start":{"line":55,"column":0},"end":{"line":55,"column":47}},"55":{"start":{"line":56,"column":0},"end":{"line":56,"column":12}},"56":{"start":{"line":57,"column":0},"end":{"line":57,"column":36}},"57":{"start":{"line":58,"column":0},"end":{"line":58,"column":68}},"58":{"start":{"line":59,"column":0},"end":{"line":59,"column":19}},"59":{"start":{"line":60,"column":0},"end":{"line":60,"column":5}},"60":{"start":{"line":61,"column":0},"end":{"line":61,"column":3}},"61":{"start":{"line":62,"column":0},"end":{"line":62,"column":45}},"62":{"start":{"line":63,"column":0},"end":{"line":63,"column":19}},"63":{"start":{"line":64,"column":0},"end":{"line":64,"column":42}},"64":{"start":{"line":65,"column":0},"end":{"line":65,"column":37}},"65":{"start":{"line":66,"column":0},"end":{"line":66,"column":88}},"66":{"start":{"line":67,"column":0},"end":{"line":67,"column":18}},"67":{"start":{"line":68,"column":0},"end":{"line":68,"column":14}},"68":{"start":{"line":69,"column":0},"end":{"line":69,"column":7}},"69":{"start":{"line":70,"column":0},"end":{"line":70,"column":5}},"70":{"start":{"line":71,"column":0},"end":{"line":71,"column":26}},"71":{"start":{"line":72,"column":0},"end":{"line":72,"column":3}},"72":{"start":{"line":73,"column":0},"end":{"line":73,"column":14}},"73":{"start":{"line":74,"column":0},"end":{"line":74,"column":1}},"76":{"start":{"line":77,"column":0},"end":{"line":77,"column":67}},"77":{"start":{"line":78,"column":0},"end":{"line":78,"column":77}},"78":{"start":{"line":79,"column":0},"end":{"line":79,"column":1}},"80":{"start":{"line":81,"column":0},"end":{"line":81,"column":88}},"81":{"start":{"line":82,"column":0},"end":{"line":82,"column":78}},"82":{"start":{"line":83,"column":0},"end":{"line":83,"column":17}},"83":{"start":{"line":84,"column":0},"end":{"line":84,"column":3}},"84":{"start":{"line":85,"column":0},"end":{"line":85,"column":45}},"85":{"start":{"line":86,"column":0},"end":{"line":86,"column":98}},"86":{"start":{"line":87,"column":0},"end":{"line":87,"column":19}},"87":{"start":{"line":88,"column":0},"end":{"line":88,"column":5}},"88":{"start":{"line":89,"column":0},"end":{"line":89,"column":3}},"89":{"start":{"line":90,"column":0},"end":{"line":90,"column":14}},"90":{"start":{"line":91,"column":0},"end":{"line":91,"column":1}},"93":{"start":{"line":94,"column":0},"end":{"line":94,"column":42}},"94":{"start":{"line":95,"column":0},"end":{"line":95,"column":21}},"95":{"start":{"line":96,"column":0},"end":{"line":96,"column":44}},"96":{"start":{"line":97,"column":0},"end":{"line":97,"column":47}},"97":{"start":{"line":98,"column":0},"end":{"line":98,"column":13}},"98":{"start":{"line":99,"column":0},"end":{"line":99,"column":27}},"99":{"start":{"line":100,"column":0},"end":{"line":100,"column":40}},"100":{"start":{"line":101,"column":0},"end":{"line":101,"column":25}},"101":{"start":{"line":102,"column":0},"end":{"line":102,"column":41}},"102":{"start":{"line":103,"column":0},"end":{"line":103,"column":73}},"103":{"start":{"line":104,"column":0},"end":{"line":104,"column":18}},"104":{"start":{"line":105,"column":0},"end":{"line":105,"column":3}},"105":{"start":{"line":106,"column":0},"end":{"line":106,"column":35}},"106":{"start":{"line":107,"column":0},"end":{"line":107,"column":1}},"112":{"start":{"line":113,"column":0},"end":{"line":113,"column":46}},"113":{"start":{"line":114,"column":0},"end":{"line":114,"column":21}},"114":{"start":{"line":115,"column":0},"end":{"line":115,"column":44}},"115":{"start":{"line":116,"column":0},"end":{"line":116,"column":47}},"116":{"start":{"line":117,"column":0},"end":{"line":117,"column":48}},"117":{"start":{"line":118,"column":0},"end":{"line":118,"column":19}},"118":{"start":{"line":119,"column":0},"end":{"line":119,"column":24}},"119":{"start":{"line":120,"column":0},"end":{"line":120,"column":16}},"121":{"start":{"line":122,"column":0},"end":{"line":122,"column":40}},"122":{"start":{"line":123,"column":0},"end":{"line":123,"column":25}},"123":{"start":{"line":124,"column":0},"end":{"line":124,"column":41}},"124":{"start":{"line":125,"column":0},"end":{"line":125,"column":73}},"125":{"start":{"line":126,"column":0},"end":{"line":126,"column":18}},"126":{"start":{"line":127,"column":0},"end":{"line":127,"column":20}},"127":{"start":{"line":128,"column":0},"end":{"line":128,"column":16}},"128":{"start":{"line":129,"column":0},"end":{"line":129,"column":26}},"129":{"start":{"line":130,"column":0},"end":{"line":130,"column":5}},"130":{"start":{"line":131,"column":0},"end":{"line":131,"column":3}},"132":{"start":{"line":133,"column":0},"end":{"line":133,"column":37}},"133":{"start":{"line":134,"column":0},"end":{"line":134,"column":1}},"141":{"start":{"line":142,"column":0},"end":{"line":142,"column":44}},"142":{"start":{"line":143,"column":0},"end":{"line":143,"column":21}},"143":{"start":{"line":144,"column":0},"end":{"line":144,"column":41}},"144":{"start":{"line":145,"column":0},"end":{"line":145,"column":47}},"145":{"start":{"line":146,"column":0},"end":{"line":146,"column":12}},"146":{"start":{"line":147,"column":0},"end":{"line":147,"column":76}},"147":{"start":{"line":148,"column":0},"end":{"line":148,"column":17}},"148":{"start":{"line":149,"column":0},"end":{"line":149,"column":3}},"149":{"start":{"line":150,"column":0},"end":{"line":150,"column":35}},"150":{"start":{"line":151,"column":0},"end":{"line":151,"column":16}},"151":{"start":{"line":152,"column":0},"end":{"line":152,"column":3}},"153":{"start":{"line":154,"column":0},"end":{"line":154,"column":24}},"154":{"start":{"line":155,"column":0},"end":{"line":155,"column":34}},"155":{"start":{"line":156,"column":0},"end":{"line":156,"column":40}},"156":{"start":{"line":157,"column":0},"end":{"line":157,"column":41}},"157":{"start":{"line":158,"column":0},"end":{"line":158,"column":24}},"158":{"start":{"line":159,"column":0},"end":{"line":159,"column":16}},"159":{"start":{"line":160,"column":0},"end":{"line":160,"column":3}},"161":{"start":{"line":162,"column":0},"end":{"line":162,"column":38}},"162":{"start":{"line":163,"column":0},"end":{"line":163,"column":47}},"163":{"start":{"line":164,"column":0},"end":{"line":164,"column":3}},"164":{"start":{"line":165,"column":0},"end":{"line":165,"column":44}},"165":{"start":{"line":166,"column":0},"end":{"line":166,"column":47}},"166":{"start":{"line":167,"column":0},"end":{"line":167,"column":3}},"167":{"start":{"line":168,"column":0},"end":{"line":168,"column":45}},"168":{"start":{"line":169,"column":0},"end":{"line":169,"column":42}},"169":{"start":{"line":170,"column":0},"end":{"line":170,"column":37}},"170":{"start":{"line":171,"column":0},"end":{"line":171,"column":88}},"171":{"start":{"line":172,"column":0},"end":{"line":172,"column":20}},"172":{"start":{"line":173,"column":0},"end":{"line":173,"column":7}},"173":{"start":{"line":174,"column":0},"end":{"line":174,"column":5}},"174":{"start":{"line":175,"column":0},"end":{"line":175,"column":17}},"175":{"start":{"line":176,"column":0},"end":{"line":176,"column":3}},"177":{"start":{"line":178,"column":0},"end":{"line":178,"column":45}},"178":{"start":{"line":179,"column":0},"end":{"line":179,"column":36}},"179":{"start":{"line":180,"column":0},"end":{"line":180,"column":35}},"180":{"start":{"line":181,"column":0},"end":{"line":181,"column":42}},"181":{"start":{"line":182,"column":0},"end":{"line":182,"column":38}},"182":{"start":{"line":183,"column":0},"end":{"line":183,"column":58}},"183":{"start":{"line":184,"column":0},"end":{"line":184,"column":5}},"184":{"start":{"line":185,"column":0},"end":{"line":185,"column":3}},"186":{"start":{"line":187,"column":0},"end":{"line":187,"column":15}},"187":{"start":{"line":188,"column":0},"end":{"line":188,"column":1}},"190":{"start":{"line":191,"column":0},"end":{"line":191,"column":45}},"199":{"start":{"line":200,"column":0},"end":{"line":200,"column":40}},"200":{"start":{"line":201,"column":0},"end":{"line":201,"column":20}},"201":{"start":{"line":202,"column":0},"end":{"line":202,"column":23}},"202":{"start":{"line":203,"column":0},"end":{"line":203,"column":49}},"203":{"start":{"line":204,"column":0},"end":{"line":204,"column":18}},"204":{"start":{"line":205,"column":0},"end":{"line":205,"column":11}},"205":{"start":{"line":206,"column":0},"end":{"line":206,"column":71}},"207":{"start":{"line":208,"column":0},"end":{"line":208,"column":94}},"209":{"start":{"line":210,"column":0},"end":{"line":210,"column":59}},"210":{"start":{"line":211,"column":0},"end":{"line":211,"column":69}},"211":{"start":{"line":212,"column":0},"end":{"line":212,"column":3}},"213":{"start":{"line":214,"column":0},"end":{"line":214,"column":44}},"214":{"start":{"line":215,"column":0},"end":{"line":215,"column":90}},"215":{"start":{"line":216,"column":0},"end":{"line":216,"column":31}},"216":{"start":{"line":217,"column":0},"end":{"line":217,"column":36}},"217":{"start":{"line":218,"column":0},"end":{"line":218,"column":5}},"218":{"start":{"line":219,"column":0},"end":{"line":219,"column":22}},"219":{"start":{"line":220,"column":0},"end":{"line":220,"column":3}},"221":{"start":{"line":222,"column":0},"end":{"line":222,"column":21}},"222":{"start":{"line":223,"column":0},"end":{"line":223,"column":1}},"230":{"start":{"line":231,"column":0},"end":{"line":231,"column":40}},"231":{"start":{"line":232,"column":0},"end":{"line":232,"column":21}},"232":{"start":{"line":233,"column":0},"end":{"line":233,"column":23}},"233":{"start":{"line":234,"column":0},"end":{"line":234,"column":45}},"234":{"start":{"line":235,"column":0},"end":{"line":235,"column":29}},"235":{"start":{"line":236,"column":0},"end":{"line":236,"column":11}},"236":{"start":{"line":237,"column":0},"end":{"line":237,"column":41}},"237":{"start":{"line":238,"column":0},"end":{"line":238,"column":51}},"238":{"start":{"line":239,"column":0},"end":{"line":239,"column":42}},"241":{"start":{"line":242,"column":0},"end":{"line":242,"column":47}},"242":{"start":{"line":243,"column":0},"end":{"line":243,"column":9}},"243":{"start":{"line":244,"column":0},"end":{"line":244,"column":79}},"244":{"start":{"line":245,"column":0},"end":{"line":245,"column":4}},"245":{"start":{"line":246,"column":0},"end":{"line":246,"column":69}},"246":{"start":{"line":247,"column":0},"end":{"line":247,"column":24}},"247":{"start":{"line":248,"column":0},"end":{"line":248,"column":3}},"249":{"start":{"line":250,"column":0},"end":{"line":250,"column":46}},"250":{"start":{"line":251,"column":0},"end":{"line":251,"column":76}},"251":{"start":{"line":252,"column":0},"end":{"line":252,"column":29}},"252":{"start":{"line":253,"column":0},"end":{"line":253,"column":54}},"253":{"start":{"line":254,"column":0},"end":{"line":254,"column":63}},"254":{"start":{"line":255,"column":0},"end":{"line":255,"column":22}},"255":{"start":{"line":256,"column":0},"end":{"line":256,"column":5}},"256":{"start":{"line":257,"column":0},"end":{"line":257,"column":3}},"258":{"start":{"line":259,"column":0},"end":{"line":259,"column":29}},"259":{"start":{"line":260,"column":0},"end":{"line":260,"column":47}},"260":{"start":{"line":261,"column":0},"end":{"line":261,"column":3}},"262":{"start":{"line":263,"column":0},"end":{"line":263,"column":17}},"263":{"start":{"line":264,"column":0},"end":{"line":264,"column":90}},"265":{"start":{"line":266,"column":0},"end":{"line":266,"column":68}},"266":{"start":{"line":267,"column":0},"end":{"line":267,"column":1}}},"s":{"0":1,"5":8,"6":8,"7":8,"14":1,"15":15,"16":15,"17":15,"18":15,"19":15,"20":15,"22":15,"23":15,"24":15,"26":15,"28":15,"30":15,"31":5,"32":5,"33":5,"34":5,"36":5,"37":2,"38":3,"39":2,"40":5,"42":15,"43":1,"44":1,"45":1,"46":1,"47":3,"48":3,"51":1,"52":14,"53":14,"54":14,"55":14,"56":14,"57":2,"58":2,"59":2,"60":2,"61":14,"62":4,"63":4,"64":4,"65":4,"66":3,"67":3,"68":3,"69":4,"70":4,"71":4,"72":11,"73":11,"76":1,"77":9,"78":9,"80":4,"81":4,"82":0,"83":0,"84":4,"85":3,"86":1,"87":1,"88":3,"89":3,"90":3,"93":1,"94":1,"95":1,"96":1,"97":1,"98":1,"99":1,"100":2,"101":1,"102":2,"103":1,"104":1,"105":1,"106":1,"112":1,"113":1,"114":1,"115":1,"116":1,"117":1,"118":1,"119":1,"121":1,"122":3,"123":3,"124":3,"125":2,"126":3,"127":1,"128":1,"129":1,"130":3,"132":1,"133":1,"141":1,"142":4,"143":4,"144":4,"145":4,"146":4,"147":0,"148":0,"149":4,"150":1,"151":1,"153":3,"154":3,"155":3,"156":1,"157":4,"158":1,"159":1,"161":4,"162":0,"163":0,"164":2,"165":2,"166":2,"167":4,"168":0,"169":0,"170":0,"171":0,"172":0,"173":0,"174":0,"175":0,"177":1,"178":1,"179":1,"180":1,"181":1,"182":1,"183":1,"184":1,"186":1,"187":1,"190":1,"199":1,"200":3,"201":3,"202":3,"203":3,"204":3,"205":3,"207":3,"209":3,"210":2,"211":2,"213":3,"214":2,"215":2,"216":3,"217":3,"218":1,"219":1,"221":1,"222":1,"230":1,"231":7,"232":7,"233":7,"234":7,"235":7,"236":7,"237":7,"238":7,"241":7,"242":7,"243":7,"244":7,"245":7,"246":1,"247":1,"249":6,"250":7,"251":3,"252":3,"253":3,"254":0,"255":0,"256":3,"258":7,"259":1,"260":1,"262":3,"263":7,"265":7,"266":7},"branchMap":{"0":{"type":"branch","line":6,"loc":{"start":{"line":6,"column":0},"end":{"line":8,"column":1}},"locations":[{"start":{"line":6,"column":0},"end":{"line":8,"column":1}}]},"1":{"type":"branch","line":15,"loc":{"start":{"line":15,"column":7},"end":{"line":49,"column":1}},"locations":[{"start":{"line":15,"column":7},"end":{"line":49,"column":1}}]},"2":{"type":"branch","line":19,"loc":{"start":{"line":19,"column":24},"end":{"line":19,"column":49}},"locations":[{"start":{"line":19,"column":24},"end":{"line":19,"column":49}}]},"3":{"type":"branch","line":20,"loc":{"start":{"line":20,"column":24},"end":{"line":20,"column":51}},"locations":[{"start":{"line":20,"column":24},"end":{"line":20,"column":51}}]},"4":{"type":"branch","line":21,"loc":{"start":{"line":21,"column":22},"end":{"line":21,"column":54}},"locations":[{"start":{"line":21,"column":22},"end":{"line":21,"column":54}}]},"5":{"type":"branch","line":27,"loc":{"start":{"line":27,"column":7},"end":{"line":27,"column":34}},"locations":[{"start":{"line":27,"column":7},"end":{"line":27,"column":34}}]},"6":{"type":"branch","line":27,"loc":{"start":{"line":27,"column":21},"end":{"line":27,"column":44}},"locations":[{"start":{"line":27,"column":21},"end":{"line":27,"column":44}}]},"7":{"type":"branch","line":27,"loc":{"start":{"line":27,"column":44},"end":{"line":27,"column":56}},"locations":[{"start":{"line":27,"column":44},"end":{"line":27,"column":56}}]},"8":{"type":"branch","line":27,"loc":{"start":{"line":27,"column":51},"end":{"line":29,"column":28}},"locations":[{"start":{"line":27,"column":51},"end":{"line":29,"column":28}}]},"9":{"type":"branch","line":29,"loc":{"start":{"line":29,"column":21},"end":{"line":29,"column":34}},"locations":[{"start":{"line":29,"column":21},"end":{"line":29,"column":34}}]},"10":{"type":"branch","line":29,"loc":{"start":{"line":29,"column":28},"end":{"line":31,"column":30}},"locations":[{"start":{"line":29,"column":28},"end":{"line":31,"column":30}}]},"11":{"type":"branch","line":29,"loc":{"start":{"line":29,"column":28},"end":{"line":31,"column":19}},"locations":[{"start":{"line":29,"column":28},"end":{"line":31,"column":19}}]},"12":{"type":"branch","line":31,"loc":{"start":{"line":31,"column":6},"end":{"line":31,"column":30}},"locations":[{"start":{"line":31,"column":6},"end":{"line":31,"column":30}}]},"13":{"type":"branch","line":31,"loc":{"start":{"line":31,"column":30},"end":{"line":43,"column":15}},"locations":[{"start":{"line":31,"column":30},"end":{"line":43,"column":15}}]},"14":{"type":"branch","line":31,"loc":{"start":{"line":31,"column":30},"end":{"line":41,"column":3}},"locations":[{"start":{"line":31,"column":30},"end":{"line":41,"column":3}}]},"15":{"type":"branch","line":34,"loc":{"start":{"line":34,"column":6},"end":{"line":34,"column":43}},"locations":[{"start":{"line":34,"column":6},"end":{"line":34,"column":43}}]},"16":{"type":"branch","line":34,"loc":{"start":{"line":34,"column":35},"end":{"line":34,"column":88}},"locations":[{"start":{"line":34,"column":35},"end":{"line":34,"column":88}}]},"17":{"type":"branch","line":35,"loc":{"start":{"line":35,"column":20},"end":{"line":35,"column":65}},"locations":[{"start":{"line":35,"column":20},"end":{"line":35,"column":65}}]},"18":{"type":"branch","line":37,"loc":{"start":{"line":37,"column":8},"end":{"line":37,"column":32}},"locations":[{"start":{"line":37,"column":8},"end":{"line":37,"column":32}}]},"19":{"type":"branch","line":37,"loc":{"start":{"line":37,"column":32},"end":{"line":40,"column":49}},"locations":[{"start":{"line":37,"column":32},"end":{"line":40,"column":49}}]},"20":{"type":"branch","line":37,"loc":{"start":{"line":37,"column":32},"end":{"line":39,"column":15}},"locations":[{"start":{"line":37,"column":32},"end":{"line":39,"column":15}}]},"21":{"type":"branch","line":38,"loc":{"start":{"line":38,"column":12},"end":{"line":38,"column":34}},"locations":[{"start":{"line":38,"column":12},"end":{"line":38,"column":34}}]},"22":{"type":"branch","line":38,"loc":{"start":{"line":38,"column":34},"end":{"line":38,"column":47}},"locations":[{"start":{"line":38,"column":34},"end":{"line":38,"column":47}}]},"23":{"type":"branch","line":39,"loc":{"start":{"line":39,"column":15},"end":{"line":39,"column":39}},"locations":[{"start":{"line":39,"column":15},"end":{"line":39,"column":39}}]},"24":{"type":"branch","line":39,"loc":{"start":{"line":39,"column":39},"end":{"line":40,"column":49}},"locations":[{"start":{"line":39,"column":39},"end":{"line":40,"column":49}}]},"25":{"type":"branch","line":39,"loc":{"start":{"line":39,"column":39},"end":{"line":39,"column":52}},"locations":[{"start":{"line":39,"column":39},"end":{"line":39,"column":52}}]},"26":{"type":"branch","line":40,"loc":{"start":{"line":40,"column":13},"end":{"line":40,"column":36}},"locations":[{"start":{"line":40,"column":13},"end":{"line":40,"column":36}}]},"27":{"type":"branch","line":40,"loc":{"start":{"line":40,"column":36},"end":{"line":40,"column":49}},"locations":[{"start":{"line":40,"column":36},"end":{"line":40,"column":49}}]},"28":{"type":"branch","line":41,"loc":{"start":{"line":41,"column":2},"end":{"line":43,"column":15}},"locations":[{"start":{"line":41,"column":2},"end":{"line":43,"column":15}}]},"29":{"type":"branch","line":43,"loc":{"start":{"line":43,"column":15},"end":{"line":49,"column":1}},"locations":[{"start":{"line":43,"column":15},"end":{"line":49,"column":1}}]},"30":{"type":"branch","line":43,"loc":{"start":{"line":43,"column":15},"end":{"line":47,"column":3}},"locations":[{"start":{"line":43,"column":15},"end":{"line":47,"column":3}}]},"31":{"type":"branch","line":47,"loc":{"start":{"line":47,"column":2},"end":{"line":49,"column":1}},"locations":[{"start":{"line":47,"column":2},"end":{"line":49,"column":1}}]},"32":{"type":"branch","line":52,"loc":{"start":{"line":52,"column":7},"end":{"line":74,"column":1}},"locations":[{"start":{"line":52,"column":7},"end":{"line":74,"column":1}}]},"33":{"type":"branch","line":57,"loc":{"start":{"line":57,"column":35},"end":{"line":61,"column":3}},"locations":[{"start":{"line":57,"column":35},"end":{"line":61,"column":3}}]},"34":{"type":"branch","line":61,"loc":{"start":{"line":61,"column":2},"end":{"line":62,"column":44}},"locations":[{"start":{"line":61,"column":2},"end":{"line":62,"column":44}}]},"35":{"type":"branch","line":62,"loc":{"start":{"line":62,"column":44},"end":{"line":72,"column":3}},"locations":[{"start":{"line":62,"column":44},"end":{"line":72,"column":3}}]},"36":{"type":"branch","line":66,"loc":{"start":{"line":66,"column":87},"end":{"line":69,"column":7}},"locations":[{"start":{"line":66,"column":87},"end":{"line":69,"column":7}}]},"37":{"type":"branch","line":71,"loc":{"start":{"line":71,"column":13},"end":{"line":71,"column":26}},"locations":[{"start":{"line":71,"column":13},"end":{"line":71,"column":26}}]},"38":{"type":"branch","line":72,"loc":{"start":{"line":72,"column":2},"end":{"line":74,"column":1}},"locations":[{"start":{"line":72,"column":2},"end":{"line":74,"column":1}}]},"39":{"type":"branch","line":58,"loc":{"start":{"line":58,"column":31},"end":{"line":58,"column":64}},"locations":[{"start":{"line":58,"column":31},"end":{"line":58,"column":64}}]},"40":{"type":"branch","line":77,"loc":{"start":{"line":77,"column":7},"end":{"line":79,"column":1}},"locations":[{"start":{"line":77,"column":7},"end":{"line":79,"column":1}}]},"41":{"type":"branch","line":78,"loc":{"start":{"line":78,"column":35},"end":{"line":78,"column":77}},"locations":[{"start":{"line":78,"column":35},"end":{"line":78,"column":77}}]},"42":{"type":"branch","line":81,"loc":{"start":{"line":81,"column":0},"end":{"line":91,"column":1}},"locations":[{"start":{"line":81,"column":0},"end":{"line":91,"column":1}}]},"43":{"type":"branch","line":82,"loc":{"start":{"line":82,"column":32},"end":{"line":82,"column":77}},"locations":[{"start":{"line":82,"column":32},"end":{"line":82,"column":77}}]},"44":{"type":"branch","line":82,"loc":{"start":{"line":82,"column":77},"end":{"line":84,"column":3}},"locations":[{"start":{"line":82,"column":77},"end":{"line":84,"column":3}}]},"45":{"type":"branch","line":85,"loc":{"start":{"line":85,"column":44},"end":{"line":91,"column":1}},"locations":[{"start":{"line":85,"column":44},"end":{"line":91,"column":1}}]},"46":{"type":"branch","line":86,"loc":{"start":{"line":86,"column":97},"end":{"line":88,"column":5}},"locations":[{"start":{"line":86,"column":97},"end":{"line":88,"column":5}}]},"47":{"type":"branch","line":94,"loc":{"start":{"line":94,"column":7},"end":{"line":107,"column":1}},"locations":[{"start":{"line":94,"column":7},"end":{"line":107,"column":1}}]},"48":{"type":"branch","line":100,"loc":{"start":{"line":100,"column":39},"end":{"line":105,"column":3}},"locations":[{"start":{"line":100,"column":39},"end":{"line":105,"column":3}}]},"49":{"type":"branch","line":101,"loc":{"start":{"line":101,"column":16},"end":{"line":103,"column":64}},"locations":[{"start":{"line":101,"column":16},"end":{"line":103,"column":64}}]},"50":{"type":"branch","line":103,"loc":{"start":{"line":103,"column":64},"end":{"line":103,"column":73}},"locations":[{"start":{"line":103,"column":64},"end":{"line":103,"column":73}}]},"51":{"type":"branch","line":103,"loc":{"start":{"line":103,"column":64},"end":{"line":105,"column":3}},"locations":[{"start":{"line":103,"column":64},"end":{"line":105,"column":3}}]},"52":{"type":"branch","line":113,"loc":{"start":{"line":113,"column":7},"end":{"line":134,"column":1}},"locations":[{"start":{"line":113,"column":7},"end":{"line":134,"column":1}}]},"53":{"type":"branch","line":122,"loc":{"start":{"line":122,"column":39},"end":{"line":131,"column":3}},"locations":[{"start":{"line":122,"column":39},"end":{"line":131,"column":3}}]},"54":{"type":"branch","line":123,"loc":{"start":{"line":123,"column":16},"end":{"line":123,"column":25}},"locations":[{"start":{"line":123,"column":16},"end":{"line":123,"column":25}}]},"55":{"type":"branch","line":125,"loc":{"start":{"line":125,"column":64},"end":{"line":125,"column":73}},"locations":[{"start":{"line":125,"column":64},"end":{"line":125,"column":73}}]},"56":{"type":"branch","line":125,"loc":{"start":{"line":125,"column":64},"end":{"line":127,"column":19}},"locations":[{"start":{"line":125,"column":64},"end":{"line":127,"column":19}}]},"57":{"type":"branch","line":127,"loc":{"start":{"line":127,"column":19},"end":{"line":130,"column":5}},"locations":[{"start":{"line":127,"column":19},"end":{"line":130,"column":5}}]},"58":{"type":"branch","line":142,"loc":{"start":{"line":142,"column":7},"end":{"line":188,"column":1}},"locations":[{"start":{"line":142,"column":7},"end":{"line":188,"column":1}}]},"59":{"type":"branch","line":147,"loc":{"start":{"line":147,"column":75},"end":{"line":149,"column":3}},"locations":[{"start":{"line":147,"column":75},"end":{"line":149,"column":3}}]},"60":{"type":"branch","line":150,"loc":{"start":{"line":150,"column":34},"end":{"line":152,"column":3}},"locations":[{"start":{"line":150,"column":34},"end":{"line":152,"column":3}}]},"61":{"type":"branch","line":152,"loc":{"start":{"line":152,"column":2},"end":{"line":156,"column":40}},"locations":[{"start":{"line":152,"column":2},"end":{"line":156,"column":40}}]},"62":{"type":"branch","line":156,"loc":{"start":{"line":156,"column":36},"end":{"line":157,"column":41}},"locations":[{"start":{"line":156,"column":36},"end":{"line":157,"column":41}}]},"63":{"type":"branch","line":158,"loc":{"start":{"line":158,"column":23},"end":{"line":160,"column":3}},"locations":[{"start":{"line":158,"column":23},"end":{"line":160,"column":3}}]},"64":{"type":"branch","line":160,"loc":{"start":{"line":160,"column":2},"end":{"line":162,"column":37}},"locations":[{"start":{"line":160,"column":2},"end":{"line":162,"column":37}}]},"65":{"type":"branch","line":162,"loc":{"start":{"line":162,"column":37},"end":{"line":164,"column":3}},"locations":[{"start":{"line":162,"column":37},"end":{"line":164,"column":3}}]},"66":{"type":"branch","line":164,"loc":{"start":{"line":164,"column":2},"end":{"line":167,"column":3}},"locations":[{"start":{"line":164,"column":2},"end":{"line":167,"column":3}}]},"67":{"type":"branch","line":166,"loc":{"start":{"line":166,"column":35},"end":{"line":166,"column":47}},"locations":[{"start":{"line":166,"column":35},"end":{"line":166,"column":47}}]},"68":{"type":"branch","line":167,"loc":{"start":{"line":167,"column":2},"end":{"line":168,"column":44}},"locations":[{"start":{"line":167,"column":2},"end":{"line":168,"column":44}}]},"69":{"type":"branch","line":168,"loc":{"start":{"line":168,"column":44},"end":{"line":176,"column":3}},"locations":[{"start":{"line":168,"column":44},"end":{"line":176,"column":3}}]},"70":{"type":"branch","line":176,"loc":{"start":{"line":176,"column":2},"end":{"line":188,"column":1}},"locations":[{"start":{"line":176,"column":2},"end":{"line":188,"column":1}}]},"71":{"type":"branch","line":180,"loc":{"start":{"line":180,"column":26},"end":{"line":180,"column":35}},"locations":[{"start":{"line":180,"column":26},"end":{"line":180,"column":35}}]},"72":{"type":"branch","line":183,"loc":{"start":{"line":183,"column":46},"end":{"line":183,"column":58}},"locations":[{"start":{"line":183,"column":46},"end":{"line":183,"column":58}}]},"73":{"type":"branch","line":200,"loc":{"start":{"line":200,"column":7},"end":{"line":223,"column":1}},"locations":[{"start":{"line":200,"column":7},"end":{"line":223,"column":1}}]},"74":{"type":"branch","line":206,"loc":{"start":{"line":206,"column":28},"end":{"line":206,"column":71}},"locations":[{"start":{"line":206,"column":28},"end":{"line":206,"column":71}}]},"75":{"type":"branch","line":210,"loc":{"start":{"line":210,"column":58},"end":{"line":212,"column":3}},"locations":[{"start":{"line":210,"column":58},"end":{"line":212,"column":3}}]},"76":{"type":"branch","line":211,"loc":{"start":{"line":211,"column":49},"end":{"line":211,"column":69}},"locations":[{"start":{"line":211,"column":49},"end":{"line":211,"column":69}}]},"77":{"type":"branch","line":214,"loc":{"start":{"line":214,"column":15},"end":{"line":214,"column":43}},"locations":[{"start":{"line":214,"column":15},"end":{"line":214,"column":43}}]},"78":{"type":"branch","line":214,"loc":{"start":{"line":214,"column":43},"end":{"line":220,"column":3}},"locations":[{"start":{"line":214,"column":43},"end":{"line":220,"column":3}}]},"79":{"type":"branch","line":216,"loc":{"start":{"line":216,"column":30},"end":{"line":218,"column":5}},"locations":[{"start":{"line":216,"column":30},"end":{"line":218,"column":5}}]},"80":{"type":"branch","line":217,"loc":{"start":{"line":217,"column":25},"end":{"line":217,"column":36}},"locations":[{"start":{"line":217,"column":25},"end":{"line":217,"column":36}}]},"81":{"type":"branch","line":218,"loc":{"start":{"line":218,"column":4},"end":{"line":220,"column":3}},"locations":[{"start":{"line":218,"column":4},"end":{"line":220,"column":3}}]},"82":{"type":"branch","line":220,"loc":{"start":{"line":220,"column":2},"end":{"line":223,"column":1}},"locations":[{"start":{"line":220,"column":2},"end":{"line":223,"column":1}}]},"83":{"type":"branch","line":208,"loc":{"start":{"line":208,"column":19},"end":{"line":208,"column":94}},"locations":[{"start":{"line":208,"column":19},"end":{"line":208,"column":94}}]},"84":{"type":"branch","line":208,"loc":{"start":{"line":208,"column":51},"end":{"line":208,"column":85}},"locations":[{"start":{"line":208,"column":51},"end":{"line":208,"column":85}}]},"85":{"type":"branch","line":215,"loc":{"start":{"line":215,"column":37},"end":{"line":215,"column":88}},"locations":[{"start":{"line":215,"column":37},"end":{"line":215,"column":88}}]},"86":{"type":"branch","line":215,"loc":{"start":{"line":215,"column":59},"end":{"line":215,"column":70}},"locations":[{"start":{"line":215,"column":59},"end":{"line":215,"column":70}}]},"87":{"type":"branch","line":215,"loc":{"start":{"line":215,"column":81},"end":{"line":215,"column":88}},"locations":[{"start":{"line":215,"column":81},"end":{"line":215,"column":88}}]},"88":{"type":"branch","line":231,"loc":{"start":{"line":231,"column":7},"end":{"line":267,"column":1}},"locations":[{"start":{"line":231,"column":7},"end":{"line":267,"column":1}}]},"89":{"type":"branch","line":238,"loc":{"start":{"line":238,"column":31},"end":{"line":238,"column":48}},"locations":[{"start":{"line":238,"column":31},"end":{"line":238,"column":48}}]},"90":{"type":"branch","line":238,"loc":{"start":{"line":238,"column":36},"end":{"line":238,"column":49}},"locations":[{"start":{"line":238,"column":36},"end":{"line":238,"column":49}}]},"91":{"type":"branch","line":239,"loc":{"start":{"line":239,"column":16},"end":{"line":239,"column":42}},"locations":[{"start":{"line":239,"column":16},"end":{"line":239,"column":42}}]},"92":{"type":"branch","line":244,"loc":{"start":{"line":244,"column":21},"end":{"line":244,"column":42}},"locations":[{"start":{"line":244,"column":21},"end":{"line":244,"column":42}}]},"93":{"type":"branch","line":244,"loc":{"start":{"line":244,"column":33},"end":{"line":244,"column":79}},"locations":[{"start":{"line":244,"column":33},"end":{"line":244,"column":79}}]},"94":{"type":"branch","line":244,"loc":{"start":{"line":244,"column":73},"end":{"line":244,"column":78}},"locations":[{"start":{"line":244,"column":73},"end":{"line":244,"column":78}}]},"95":{"type":"branch","line":246,"loc":{"start":{"line":246,"column":29},"end":{"line":246,"column":68}},"locations":[{"start":{"line":246,"column":29},"end":{"line":246,"column":68}}]},"96":{"type":"branch","line":246,"loc":{"start":{"line":246,"column":68},"end":{"line":248,"column":3}},"locations":[{"start":{"line":246,"column":68},"end":{"line":248,"column":3}}]},"97":{"type":"branch","line":248,"loc":{"start":{"line":248,"column":2},"end":{"line":251,"column":32}},"locations":[{"start":{"line":248,"column":2},"end":{"line":251,"column":32}}]},"98":{"type":"branch","line":251,"loc":{"start":{"line":251,"column":19},"end":{"line":251,"column":61}},"locations":[{"start":{"line":251,"column":19},"end":{"line":251,"column":61}}]},"99":{"type":"branch","line":251,"loc":{"start":{"line":251,"column":56},"end":{"line":251,"column":75}},"locations":[{"start":{"line":251,"column":56},"end":{"line":251,"column":75}}]},"100":{"type":"branch","line":251,"loc":{"start":{"line":251,"column":75},"end":{"line":257,"column":3}},"locations":[{"start":{"line":251,"column":75},"end":{"line":257,"column":3}}]},"101":{"type":"branch","line":253,"loc":{"start":{"line":253,"column":38},"end":{"line":253,"column":54}},"locations":[{"start":{"line":253,"column":38},"end":{"line":253,"column":54}}]},"102":{"type":"branch","line":254,"loc":{"start":{"line":254,"column":4},"end":{"line":256,"column":5}},"locations":[{"start":{"line":254,"column":4},"end":{"line":256,"column":5}}]},"103":{"type":"branch","line":257,"loc":{"start":{"line":257,"column":2},"end":{"line":259,"column":28}},"locations":[{"start":{"line":257,"column":2},"end":{"line":259,"column":28}}]},"104":{"type":"branch","line":259,"loc":{"start":{"line":259,"column":28},"end":{"line":261,"column":3}},"locations":[{"start":{"line":259,"column":28},"end":{"line":261,"column":3}}]},"105":{"type":"branch","line":260,"loc":{"start":{"line":260,"column":30},"end":{"line":260,"column":47}},"locations":[{"start":{"line":260,"column":30},"end":{"line":260,"column":47}}]},"106":{"type":"branch","line":261,"loc":{"start":{"line":261,"column":2},"end":{"line":264,"column":72}},"locations":[{"start":{"line":261,"column":2},"end":{"line":264,"column":72}}]},"107":{"type":"branch","line":264,"loc":{"start":{"line":264,"column":68},"end":{"line":264,"column":77}},"locations":[{"start":{"line":264,"column":68},"end":{"line":264,"column":77}}]},"108":{"type":"branch","line":264,"loc":{"start":{"line":264,"column":72},"end":{"line":264,"column":90}},"locations":[{"start":{"line":264,"column":72},"end":{"line":264,"column":90}}]}},"b":{"0":[8],"1":[15],"2":[0],"3":[0],"4":[0],"5":[11],"6":[9],"7":[8],"8":[7],"9":[1],"10":[9],"11":[6],"12":[2],"13":[11],"14":[5],"15":[4],"16":[4],"17":[3],"18":[4],"19":[3],"20":[2],"21":[1],"22":[0],"23":[2],"24":[2],"25":[1],"26":[1],"27":[1],"28":[4],"29":[8],"30":[1],"31":[3],"32":[14],"33":[2],"34":[12],"35":[4],"36":[3],"37":[1],"38":[11],"39":[2],"40":[9],"41":[7],"42":[4],"43":[1],"44":[0],"45":[3],"46":[1],"47":[1],"48":[2],"49":[1],"50":[0],"51":[1],"52":[1],"53":[3],"54":[0],"55":[1],"56":[2],"57":[1],"58":[4],"59":[0],"60":[1],"61":[3],"62":[1],"63":[1],"64":[2],"65":[0],"66":[2],"67":[1],"68":[1],"69":[0],"70":[1],"71":[0],"72":[0],"73":[3],"74":[0],"75":[2],"76":[0],"77":[2],"78":[2],"79":[3],"80":[1],"81":[1],"82":[1],"83":[5],"84":[0],"85":[2],"86":[0],"87":[0],"88":[7],"89":[3],"90":[4],"91":[3],"92":[6],"93":[1],"94":[0],"95":[1],"96":[1],"97":[6],"98":[3],"99":[3],"100":[3],"101":[2],"102":[0],"103":[4],"104":[1],"105":[0],"106":[3],"107":[0],"108":[3]},"fnMap":{"0":{"name":"normBonusBranch","decl":{"start":{"line":6,"column":0},"end":{"line":8,"column":1}},"loc":{"start":{"line":6,"column":0},"end":{"line":8,"column":1}},"line":6},"1":{"name":"ruleMatchesOrderAgentScope","decl":{"start":{"line":15,"column":7},"end":{"line":49,"column":1}},"loc":{"start":{"line":15,"column":7},"end":{"line":49,"column":1}},"line":15},"2":{"name":"ruleMatchesOrderProductScope","decl":{"start":{"line":52,"column":7},"end":{"line":74,"column":1}},"loc":{"start":{"line":52,"column":7},"end":{"line":74,"column":1}},"line":52},"3":{"name":"ruleHasPurchaseScope","decl":{"start":{"line":77,"column":7},"end":{"line":79,"column":1}},"loc":{"start":{"line":77,"column":7},"end":{"line":79,"column":1}},"line":77},"4":{"name":"productMatchesQtyRuleScope","decl":{"start":{"line":81,"column":0},"end":{"line":91,"column":1}},"loc":{"start":{"line":81,"column":0},"end":{"line":91,"column":1}},"line":81},"5":{"name":"qtyRuleMatchingProductIds","decl":{"start":{"line":94,"column":7},"end":{"line":107,"column":1}},"loc":{"start":{"line":94,"column":7},"end":{"line":107,"column":1}},"line":94},"6":{"name":"sumMatchingOrderQtyForQtyRule","decl":{"start":{"line":113,"column":7},"end":{"line":134,"column":1}},"loc":{"start":{"line":113,"column":7},"end":{"line":134,"column":1}},"line":113},"7":{"name":"ruleRelatesToOrderSelection","decl":{"start":{"line":142,"column":7},"end":{"line":188,"column":1}},"loc":{"start":{"line":142,"column":7},"end":{"line":188,"column":1}},"line":142},"8":{"name":"pickGiftFromAllowedList","decl":{"start":{"line":200,"column":7},"end":{"line":223,"column":1}},"loc":{"start":{"line":200,"column":7},"end":{"line":223,"column":1}},"line":200},"9":{"name":"canServe","decl":{"start":{"line":208,"column":19},"end":{"line":208,"column":94}},"loc":{"start":{"line":208,"column":19},"end":{"line":208,"column":94}},"line":208},"10":{"name":"resolveQtyGiftProductId","decl":{"start":{"line":231,"column":7},"end":{"line":267,"column":1}},"loc":{"start":{"line":231,"column":7},"end":{"line":267,"column":1}},"line":231}},"f":{"0":8,"1":15,"2":14,"3":9,"4":4,"5":1,"6":1,"7":4,"8":3,"9":5,"10":7}}
,"E:\\SALEC — копия\\backend\\src\\modules\\orders\\order-bonus-qty.ts": {"path":"E:\\SALEC — копия\\backend\\src\\modules\\orders\\order-bonus-qty.ts","all":false,"statementMap":{"0":{"start":{"line":1,"column":0},"end":{"line":1,"column":64}},"45":{"start":{"line":46,"column":0},"end":{"line":46,"column":76}},"46":{"start":{"line":47,"column":0},"end":{"line":47,"column":63}},"47":{"start":{"line":48,"column":0},"end":{"line":48,"column":48}},"48":{"start":{"line":49,"column":0},"end":{"line":49,"column":26}},"49":{"start":{"line":50,"column":0},"end":{"line":50,"column":21}},"50":{"start":{"line":51,"column":0},"end":{"line":51,"column":30}},"51":{"start":{"line":52,"column":0},"end":{"line":52,"column":16}},"52":{"start":{"line":53,"column":0},"end":{"line":53,"column":29}},"53":{"start":{"line":54,"column":0},"end":{"line":54,"column":15}},"54":{"start":{"line":55,"column":0},"end":{"line":55,"column":5}},"55":{"start":{"line":56,"column":0},"end":{"line":56,"column":54}},"56":{"start":{"line":57,"column":0},"end":{"line":57,"column":16}},"57":{"start":{"line":58,"column":0},"end":{"line":58,"column":32}},"58":{"start":{"line":59,"column":0},"end":{"line":59,"column":11}},"59":{"start":{"line":60,"column":0},"end":{"line":60,"column":36}},"60":{"start":{"line":61,"column":0},"end":{"line":61,"column":16}},"61":{"start":{"line":62,"column":0},"end":{"line":62,"column":58}},"62":{"start":{"line":63,"column":0},"end":{"line":63,"column":15}},"63":{"start":{"line":64,"column":0},"end":{"line":64,"column":19}},"64":{"start":{"line":65,"column":0},"end":{"line":65,"column":18}},"65":{"start":{"line":66,"column":0},"end":{"line":66,"column":19}},"66":{"start":{"line":67,"column":0},"end":{"line":67,"column":38}},"67":{"start":{"line":68,"column":0},"end":{"line":68,"column":28}},"68":{"start":{"line":69,"column":0},"end":{"line":69,"column":30}},"69":{"start":{"line":70,"column":0},"end":{"line":70,"column":7}},"70":{"start":{"line":71,"column":0},"end":{"line":71,"column":3}},"71":{"start":{"line":72,"column":0},"end":{"line":72,"column":29}},"72":{"start":{"line":73,"column":0},"end":{"line":73,"column":1}},"78":{"start":{"line":79,"column":0},"end":{"line":79,"column":40}},"79":{"start":{"line":80,"column":0},"end":{"line":80,"column":31}},"80":{"start":{"line":81,"column":0},"end":{"line":81,"column":19}},"81":{"start":{"line":82,"column":0},"end":{"line":82,"column":50}},"82":{"start":{"line":83,"column":0},"end":{"line":83,"column":44}},"83":{"start":{"line":84,"column":0},"end":{"line":84,"column":48}},"84":{"start":{"line":85,"column":0},"end":{"line":85,"column":41}},"85":{"start":{"line":86,"column":0},"end":{"line":86,"column":62}},"86":{"start":{"line":87,"column":0},"end":{"line":87,"column":57}},"87":{"start":{"line":88,"column":0},"end":{"line":88,"column":30}},"88":{"start":{"line":89,"column":0},"end":{"line":89,"column":16}},"96":{"start":{"line":97,"column":0},"end":{"line":97,"column":28}},"97":{"start":{"line":98,"column":0},"end":{"line":98,"column":25}},"98":{"start":{"line":99,"column":0},"end":{"line":99,"column":15}},"99":{"start":{"line":100,"column":0},"end":{"line":100,"column":24}},"101":{"start":{"line":102,"column":0},"end":{"line":102,"column":35}},"102":{"start":{"line":103,"column":0},"end":{"line":103,"column":53}},"103":{"start":{"line":104,"column":0},"end":{"line":104,"column":34}},"104":{"start":{"line":105,"column":0},"end":{"line":105,"column":37}},"105":{"start":{"line":106,"column":0},"end":{"line":106,"column":8}},"106":{"start":{"line":107,"column":0},"end":{"line":107,"column":38}},"108":{"start":{"line":109,"column":0},"end":{"line":109,"column":32}},"109":{"start":{"line":110,"column":0},"end":{"line":110,"column":98}},"110":{"start":{"line":111,"column":0},"end":{"line":111,"column":4}},"112":{"start":{"line":113,"column":0},"end":{"line":113,"column":38}},"113":{"start":{"line":114,"column":0},"end":{"line":114,"column":86}},"114":{"start":{"line":115,"column":0},"end":{"line":115,"column":4}},"115":{"start":{"line":116,"column":0},"end":{"line":116,"column":19}},"116":{"start":{"line":117,"column":0},"end":{"line":117,"column":75}},"117":{"start":{"line":118,"column":0},"end":{"line":118,"column":22}},"118":{"start":{"line":119,"column":0},"end":{"line":119,"column":32}},"119":{"start":{"line":120,"column":0},"end":{"line":120,"column":75}},"120":{"start":{"line":121,"column":0},"end":{"line":121,"column":78}},"121":{"start":{"line":122,"column":0},"end":{"line":122,"column":12}},"122":{"start":{"line":123,"column":0},"end":{"line":123,"column":75}},"123":{"start":{"line":124,"column":0},"end":{"line":124,"column":63}},"124":{"start":{"line":125,"column":0},"end":{"line":125,"column":70}},"125":{"start":{"line":126,"column":0},"end":{"line":126,"column":17}},"126":{"start":{"line":127,"column":0},"end":{"line":127,"column":28}},"127":{"start":{"line":128,"column":0},"end":{"line":128,"column":27}},"128":{"start":{"line":129,"column":0},"end":{"line":129,"column":29}},"129":{"start":{"line":130,"column":0},"end":{"line":130,"column":46}},"130":{"start":{"line":131,"column":0},"end":{"line":131,"column":9}},"131":{"start":{"line":132,"column":0},"end":{"line":132,"column":73}},"132":{"start":{"line":133,"column":0},"end":{"line":133,"column":17}},"133":{"start":{"line":134,"column":0},"end":{"line":134,"column":28}},"134":{"start":{"line":135,"column":0},"end":{"line":135,"column":27}},"135":{"start":{"line":136,"column":0},"end":{"line":136,"column":29}},"136":{"start":{"line":137,"column":0},"end":{"line":137,"column":46}},"137":{"start":{"line":138,"column":0},"end":{"line":138,"column":9}},"138":{"start":{"line":139,"column":0},"end":{"line":139,"column":5}},"139":{"start":{"line":140,"column":0},"end":{"line":140,"column":3}},"141":{"start":{"line":142,"column":0},"end":{"line":142,"column":44}},"142":{"start":{"line":143,"column":0},"end":{"line":143,"column":66}},"143":{"start":{"line":144,"column":0},"end":{"line":144,"column":29}},"144":{"start":{"line":145,"column":0},"end":{"line":145,"column":66}},"145":{"start":{"line":146,"column":0},"end":{"line":146,"column":3}},"146":{"start":{"line":147,"column":0},"end":{"line":147,"column":30}},"147":{"start":{"line":148,"column":0},"end":{"line":148,"column":39}},"148":{"start":{"line":149,"column":0},"end":{"line":149,"column":84}},"150":{"start":{"line":151,"column":0},"end":{"line":151,"column":35}},"152":{"start":{"line":153,"column":0},"end":{"line":153,"column":23}},"153":{"start":{"line":154,"column":0},"end":{"line":154,"column":42}},"154":{"start":{"line":155,"column":0},"end":{"line":155,"column":33}},"155":{"start":{"line":156,"column":0},"end":{"line":156,"column":3}},"157":{"start":{"line":158,"column":0},"end":{"line":158,"column":23}},"158":{"start":{"line":159,"column":0},"end":{"line":159,"column":72}},"160":{"start":{"line":161,"column":0},"end":{"line":161,"column":32}},"161":{"start":{"line":162,"column":0},"end":{"line":162,"column":45}},"162":{"start":{"line":163,"column":0},"end":{"line":163,"column":51}},"163":{"start":{"line":164,"column":0},"end":{"line":164,"column":67}},"164":{"start":{"line":165,"column":0},"end":{"line":165,"column":86}},"165":{"start":{"line":166,"column":0},"end":{"line":166,"column":85}},"167":{"start":{"line":168,"column":0},"end":{"line":168,"column":58}},"168":{"start":{"line":169,"column":0},"end":{"line":169,"column":29}},"169":{"start":{"line":170,"column":0},"end":{"line":170,"column":36}},"170":{"start":{"line":171,"column":0},"end":{"line":171,"column":40}},"171":{"start":{"line":172,"column":0},"end":{"line":172,"column":42}},"172":{"start":{"line":173,"column":0},"end":{"line":173,"column":7}},"173":{"start":{"line":174,"column":0},"end":{"line":174,"column":63}},"174":{"start":{"line":175,"column":0},"end":{"line":175,"column":34}},"176":{"start":{"line":177,"column":0},"end":{"line":177,"column":86}},"178":{"start":{"line":179,"column":0},"end":{"line":179,"column":46}},"179":{"start":{"line":180,"column":0},"end":{"line":180,"column":22}},"180":{"start":{"line":181,"column":0},"end":{"line":181,"column":20}},"181":{"start":{"line":182,"column":0},"end":{"line":182,"column":44}},"182":{"start":{"line":183,"column":0},"end":{"line":183,"column":24}},"183":{"start":{"line":184,"column":0},"end":{"line":184,"column":20}},"184":{"start":{"line":185,"column":0},"end":{"line":185,"column":24}},"185":{"start":{"line":186,"column":0},"end":{"line":186,"column":9}},"186":{"start":{"line":187,"column":0},"end":{"line":187,"column":7}},"187":{"start":{"line":188,"column":0},"end":{"line":188,"column":33}},"188":{"start":{"line":189,"column":0},"end":{"line":189,"column":81}},"189":{"start":{"line":190,"column":0},"end":{"line":190,"column":33}},"190":{"start":{"line":191,"column":0},"end":{"line":191,"column":34}},"191":{"start":{"line":192,"column":0},"end":{"line":192,"column":101}},"192":{"start":{"line":193,"column":0},"end":{"line":193,"column":7}},"193":{"start":{"line":194,"column":0},"end":{"line":194,"column":18}},"194":{"start":{"line":195,"column":0},"end":{"line":195,"column":13}},"195":{"start":{"line":196,"column":0},"end":{"line":196,"column":50}},"196":{"start":{"line":197,"column":0},"end":{"line":197,"column":16}},"197":{"start":{"line":198,"column":0},"end":{"line":198,"column":28}},"198":{"start":{"line":199,"column":0},"end":{"line":199,"column":9}},"199":{"start":{"line":200,"column":0},"end":{"line":200,"column":12}},"200":{"start":{"line":201,"column":0},"end":{"line":201,"column":5}},"202":{"start":{"line":203,"column":0},"end":{"line":203,"column":99}},"203":{"start":{"line":204,"column":0},"end":{"line":204,"column":31}},"204":{"start":{"line":205,"column":0},"end":{"line":205,"column":32}},"205":{"start":{"line":206,"column":0},"end":{"line":206,"column":99}},"206":{"start":{"line":207,"column":0},"end":{"line":207,"column":5}},"207":{"start":{"line":208,"column":0},"end":{"line":208,"column":16}},"208":{"start":{"line":209,"column":0},"end":{"line":209,"column":11}},"209":{"start":{"line":210,"column":0},"end":{"line":210,"column":48}},"210":{"start":{"line":211,"column":0},"end":{"line":211,"column":14}},"211":{"start":{"line":212,"column":0},"end":{"line":212,"column":26}},"212":{"start":{"line":213,"column":0},"end":{"line":213,"column":7}},"213":{"start":{"line":214,"column":0},"end":{"line":214,"column":10}},"214":{"start":{"line":215,"column":0},"end":{"line":215,"column":3}},"216":{"start":{"line":217,"column":0},"end":{"line":217,"column":70}},"218":{"start":{"line":219,"column":0},"end":{"line":219,"column":35}},"219":{"start":{"line":220,"column":0},"end":{"line":220,"column":51}},"220":{"start":{"line":221,"column":0},"end":{"line":221,"column":67}},"221":{"start":{"line":222,"column":0},"end":{"line":222,"column":86}},"222":{"start":{"line":223,"column":0},"end":{"line":223,"column":85}},"224":{"start":{"line":225,"column":0},"end":{"line":225,"column":84}},"225":{"start":{"line":226,"column":0},"end":{"line":226,"column":44}},"227":{"start":{"line":228,"column":0},"end":{"line":228,"column":46}},"228":{"start":{"line":229,"column":0},"end":{"line":229,"column":58}},"229":{"start":{"line":230,"column":0},"end":{"line":230,"column":33}},"231":{"start":{"line":232,"column":0},"end":{"line":232,"column":63}},"232":{"start":{"line":233,"column":0},"end":{"line":233,"column":26}},"233":{"start":{"line":234,"column":0},"end":{"line":234,"column":46}},"234":{"start":{"line":235,"column":0},"end":{"line":235,"column":42}},"235":{"start":{"line":236,"column":0},"end":{"line":236,"column":44}},"236":{"start":{"line":237,"column":0},"end":{"line":237,"column":9}},"237":{"start":{"line":238,"column":0},"end":{"line":238,"column":68}},"238":{"start":{"line":239,"column":0},"end":{"line":239,"column":36}},"240":{"start":{"line":241,"column":0},"end":{"line":241,"column":82}},"241":{"start":{"line":242,"column":0},"end":{"line":242,"column":29}},"242":{"start":{"line":243,"column":0},"end":{"line":243,"column":28}},"243":{"start":{"line":244,"column":0},"end":{"line":244,"column":9}},"244":{"start":{"line":245,"column":0},"end":{"line":245,"column":33}},"245":{"start":{"line":246,"column":0},"end":{"line":246,"column":34}},"246":{"start":{"line":247,"column":0},"end":{"line":247,"column":101}},"247":{"start":{"line":248,"column":0},"end":{"line":248,"column":7}},"248":{"start":{"line":249,"column":0},"end":{"line":249,"column":72}},"249":{"start":{"line":250,"column":0},"end":{"line":250,"column":5}},"250":{"start":{"line":251,"column":0},"end":{"line":251,"column":3}},"252":{"start":{"line":253,"column":0},"end":{"line":253,"column":36}},"253":{"start":{"line":254,"column":0},"end":{"line":254,"column":1}},"255":{"start":{"line":256,"column":0},"end":{"line":256,"column":42}},"256":{"start":{"line":257,"column":0},"end":{"line":257,"column":19}},"257":{"start":{"line":258,"column":0},"end":{"line":258,"column":23}},"258":{"start":{"line":259,"column":0},"end":{"line":259,"column":30}},"259":{"start":{"line":260,"column":0},"end":{"line":260,"column":67}},"260":{"start":{"line":261,"column":0},"end":{"line":261,"column":26}},"261":{"start":{"line":262,"column":0},"end":{"line":262,"column":53}},"262":{"start":{"line":263,"column":0},"end":{"line":263,"column":80}},"263":{"start":{"line":264,"column":0},"end":{"line":264,"column":51}},"264":{"start":{"line":265,"column":0},"end":{"line":265,"column":3}},"266":{"start":{"line":267,"column":0},"end":{"line":267,"column":35}},"267":{"start":{"line":268,"column":0},"end":{"line":268,"column":50}},"268":{"start":{"line":269,"column":0},"end":{"line":269,"column":29}},"269":{"start":{"line":270,"column":0},"end":{"line":270,"column":72}},"270":{"start":{"line":271,"column":0},"end":{"line":271,"column":35}},"271":{"start":{"line":272,"column":0},"end":{"line":272,"column":53}},"272":{"start":{"line":273,"column":0},"end":{"line":273,"column":45}},"273":{"start":{"line":274,"column":0},"end":{"line":274,"column":14}},"274":{"start":{"line":275,"column":0},"end":{"line":275,"column":26}},"275":{"start":{"line":276,"column":0},"end":{"line":276,"column":10}},"276":{"start":{"line":277,"column":0},"end":{"line":277,"column":12}},"277":{"start":{"line":278,"column":0},"end":{"line":278,"column":12}},"278":{"start":{"line":279,"column":0},"end":{"line":279,"column":20}},"279":{"start":{"line":280,"column":0},"end":{"line":280,"column":7}},"280":{"start":{"line":281,"column":0},"end":{"line":281,"column":3}},"282":{"start":{"line":283,"column":0},"end":{"line":283,"column":13}},"283":{"start":{"line":284,"column":0},"end":{"line":284,"column":1}},"286":{"start":{"line":287,"column":0},"end":{"line":287,"column":44}},"287":{"start":{"line":288,"column":0},"end":{"line":288,"column":19}},"288":{"start":{"line":289,"column":0},"end":{"line":289,"column":37}},"289":{"start":{"line":290,"column":0},"end":{"line":290,"column":30}},"290":{"start":{"line":291,"column":0},"end":{"line":291,"column":35}},"291":{"start":{"line":292,"column":0},"end":{"line":292,"column":42}},"292":{"start":{"line":293,"column":0},"end":{"line":293,"column":29}},"293":{"start":{"line":294,"column":0},"end":{"line":294,"column":48}},"294":{"start":{"line":295,"column":0},"end":{"line":295,"column":72}},"295":{"start":{"line":296,"column":0},"end":{"line":296,"column":35}},"296":{"start":{"line":297,"column":0},"end":{"line":297,"column":53}},"297":{"start":{"line":298,"column":0},"end":{"line":298,"column":45}},"298":{"start":{"line":299,"column":0},"end":{"line":299,"column":14}},"299":{"start":{"line":300,"column":0},"end":{"line":300,"column":26}},"300":{"start":{"line":301,"column":0},"end":{"line":301,"column":10}},"301":{"start":{"line":302,"column":0},"end":{"line":302,"column":12}},"302":{"start":{"line":303,"column":0},"end":{"line":303,"column":12}},"303":{"start":{"line":304,"column":0},"end":{"line":304,"column":20}},"304":{"start":{"line":305,"column":0},"end":{"line":305,"column":7}},"305":{"start":{"line":306,"column":0},"end":{"line":306,"column":3}},"306":{"start":{"line":307,"column":0},"end":{"line":307,"column":13}},"307":{"start":{"line":308,"column":0},"end":{"line":308,"column":1}},"313":{"start":{"line":314,"column":0},"end":{"line":314,"column":47}},"314":{"start":{"line":315,"column":0},"end":{"line":315,"column":31}},"315":{"start":{"line":316,"column":0},"end":{"line":316,"column":19}},"316":{"start":{"line":317,"column":0},"end":{"line":317,"column":50}},"317":{"start":{"line":318,"column":0},"end":{"line":318,"column":44}},"318":{"start":{"line":319,"column":0},"end":{"line":319,"column":48}},"319":{"start":{"line":320,"column":0},"end":{"line":320,"column":62}},"320":{"start":{"line":321,"column":0},"end":{"line":321,"column":29}},"321":{"start":{"line":322,"column":0},"end":{"line":322,"column":30}},"322":{"start":{"line":323,"column":0},"end":{"line":323,"column":57}},"323":{"start":{"line":324,"column":0},"end":{"line":324,"column":40}},"324":{"start":{"line":325,"column":0},"end":{"line":325,"column":7}},"325":{"start":{"line":326,"column":0},"end":{"line":326,"column":13}},"326":{"start":{"line":327,"column":0},"end":{"line":327,"column":11}},"327":{"start":{"line":328,"column":0},"end":{"line":328,"column":17}},"328":{"start":{"line":329,"column":0},"end":{"line":329,"column":16}},"329":{"start":{"line":330,"column":0},"end":{"line":330,"column":22}},"330":{"start":{"line":331,"column":0},"end":{"line":331,"column":31}},"331":{"start":{"line":332,"column":0},"end":{"line":332,"column":14}},"332":{"start":{"line":333,"column":0},"end":{"line":333,"column":15}},"333":{"start":{"line":334,"column":0},"end":{"line":334,"column":4}},"334":{"start":{"line":335,"column":0},"end":{"line":335,"column":46}},"335":{"start":{"line":336,"column":0},"end":{"line":336,"column":1}}},"s":{"0":1,"45":1,"46":2,"47":2,"48":2,"49":4,"50":4,"51":4,"52":3,"53":3,"54":3,"55":1,"56":1,"57":1,"58":0,"59":1,"60":0,"61":1,"62":0,"63":1,"64":4,"65":4,"66":4,"67":4,"68":4,"69":4,"70":4,"71":2,"72":2,"78":0,"79":0,"80":0,"81":0,"82":0,"83":0,"84":0,"85":0,"86":0,"87":0,"88":0,"96":0,"97":0,"98":0,"99":0,"101":0,"102":0,"103":0,"104":0,"105":0,"106":0,"108":0,"109":0,"110":0,"112":0,"113":0,"114":0,"115":0,"116":0,"117":0,"118":0,"119":0,"120":0,"121":0,"122":0,"123":0,"124":0,"125":0,"126":0,"127":0,"128":0,"129":0,"130":0,"131":0,"132":0,"133":0,"134":0,"135":0,"136":0,"137":0,"138":0,"139":0,"141":0,"142":0,"143":0,"144":0,"145":0,"146":0,"147":0,"148":0,"150":0,"152":0,"153":0,"154":0,"155":0,"157":0,"158":0,"160":0,"161":0,"162":0,"163":0,"164":0,"165":0,"167":0,"168":0,"169":0,"170":0,"171":0,"172":0,"173":0,"174":0,"176":0,"178":0,"179":0,"180":0,"181":0,"182":0,"183":0,"184":0,"185":0,"186":0,"187":0,"188":0,"189":0,"190":0,"191":0,"192":0,"193":0,"194":0,"195":0,"196":0,"197":0,"198":0,"199":0,"200":0,"202":0,"203":0,"204":0,"205":0,"206":0,"207":0,"208":0,"209":0,"210":0,"211":0,"212":0,"213":0,"214":0,"216":0,"218":0,"219":0,"220":0,"221":0,"222":0,"224":0,"225":0,"227":0,"228":0,"229":0,"231":0,"232":0,"233":0,"234":0,"235":0,"236":0,"237":0,"238":0,"240":0,"241":0,"242":0,"243":0,"244":0,"245":0,"246":0,"247":0,"248":0,"249":0,"250":0,"252":0,"253":0,"255":0,"256":0,"257":0,"258":0,"259":0,"260":0,"261":0,"262":0,"263":0,"264":0,"266":0,"267":0,"268":0,"269":0,"270":0,"271":0,"272":0,"273":0,"274":0,"275":0,"276":0,"277":0,"278":0,"279":0,"280":0,"282":0,"283":0,"286":0,"287":0,"288":0,"289":0,"290":0,"291":0,"292":0,"293":0,"294":0,"295":0,"296":0,"297":0,"298":0,"299":0,"300":0,"301":0,"302":0,"303":0,"304":0,"305":0,"306":0,"307":0,"313":0,"314":0,"315":0,"316":0,"317":0,"318":0,"319":0,"320":0,"321":0,"322":0,"323":0,"324":0,"325":0,"326":0,"327":0,"328":0,"329":0,"330":0,"331":0,"332":0,"333":0,"334":0,"335":0},"branchMap":{"0":{"type":"branch","line":46,"loc":{"start":{"line":46,"column":7},"end":{"line":73,"column":1}},"locations":[{"start":{"line":46,"column":7},"end":{"line":73,"column":1}}]},"1":{"type":"branch","line":49,"loc":{"start":{"line":49,"column":25},"end":{"line":71,"column":3}},"locations":[{"start":{"line":49,"column":25},"end":{"line":71,"column":3}}]},"2":{"type":"branch","line":52,"loc":{"start":{"line":52,"column":15},"end":{"line":55,"column":5}},"locations":[{"start":{"line":52,"column":15},"end":{"line":55,"column":5}}]},"3":{"type":"branch","line":55,"loc":{"start":{"line":55,"column":4},"end":{"line":58,"column":32}},"locations":[{"start":{"line":55,"column":4},"end":{"line":58,"column":32}}]},"4":{"type":"branch","line":58,"loc":{"start":{"line":58,"column":24},"end":{"line":59,"column":11}},"locations":[{"start":{"line":58,"column":24},"end":{"line":59,"column":11}}]},"5":{"type":"branch","line":59,"loc":{"start":{"line":59,"column":10},"end":{"line":64,"column":19}},"locations":[{"start":{"line":59,"column":10},"end":{"line":64,"column":19}}]},"6":{"type":"branch","line":60,"loc":{"start":{"line":60,"column":28},"end":{"line":61,"column":16}},"locations":[{"start":{"line":60,"column":28},"end":{"line":61,"column":16}}]},"7":{"type":"branch","line":62,"loc":{"start":{"line":62,"column":31},"end":{"line":63,"column":15}},"locations":[{"start":{"line":62,"column":31},"end":{"line":63,"column":15}}]},"8":{"type":"branch","line":47,"loc":{"start":{"line":47,"column":14},"end":{"line":47,"column":63}},"locations":[{"start":{"line":47,"column":14},"end":{"line":47,"column":63}}]}},"b":{"0":[2],"1":[4],"2":[3],"3":[1],"4":[0],"5":[1],"6":[0],"7":[0],"8":[4]},"fnMap":{"0":{"name":"mergeQtyPeeksByRule","decl":{"start":{"line":46,"column":7},"end":{"line":73,"column":1}},"loc":{"start":{"line":46,"column":7},"end":{"line":73,"column":1}},"line":46},"1":{"name":"key","decl":{"start":{"line":47,"column":14},"end":{"line":47,"column":63}},"loc":{"start":{"line":47,"column":14},"end":{"line":47,"column":63}},"line":47},"2":{"name":"findQtyBonusPeeks","decl":{"start":{"line":79,"column":0},"end":{"line":254,"column":1}},"loc":{"start":{"line":79,"column":0},"end":{"line":254,"column":1}},"line":79},"3":{"name":"materializeQtyPeeks","decl":{"start":{"line":256,"column":0},"end":{"line":284,"column":1}},"loc":{"start":{"line":256,"column":0},"end":{"line":284,"column":1}},"line":256},"4":{"name":"materializeGiftSplits","decl":{"start":{"line":287,"column":0},"end":{"line":308,"column":1}},"loc":{"start":{"line":287,"column":0},"end":{"line":308,"column":1}},"line":287},"5":{"name":"computeAutoQtyBonusLines","decl":{"start":{"line":314,"column":0},"end":{"line":336,"column":1}},"loc":{"start":{"line":314,"column":0},"end":{"line":336,"column":1}},"line":314}},"f":{"0":2,"1":4,"2":0,"3":0,"4":0,"5":0}}
}
